Files containing id x86-matrix-multiply-omp-100-8-looppoint-csv:
Files containing id x86-matrix-multiply-omp-100-8-looppoint-region-1:
Files containing id x86-matrix-multiply-omp-100-8-looppoint-region-2:
Files containing id x86-matrix-multiply-omp-100-8-looppoint-region-3:
Files containing id x86-matrix-multiply-omp-100-8-looppoint-region-5:
Files containing id x86-matrix-multiply-omp-100-8-looppoint-region-6:
Files containing id x86-matrix-multiply-omp-100-8-looppoint-region-7:
Files containing id x86-matrix-multiply-omp-100-8-looppoint-region-8:
Files containing id x86-matrix-multiply-omp-100-8-looppoint-region-9:
Files containing id x86-matrix-multiply-omp-100-8-looppoint-region-10:
Files containing id x86-matrix-multiply-omp-100-8-looppoint-region-11:
Files containing id x86-matrix-multiply-omp-100-8-looppoint-region-12:
Files containing id x86-matrix-multiply-omp-100-8-looppoint-region-13:
Files containing id x86-matrix-multiply-omp-100-8-looppoint-region-14:
Files containing id x86-ubuntu-18.04-boot:
gem5/configs/example/gem5_library/x86-ubuntu-run.py
gem5/configs/example/gem5_library/x86-ubuntu-run-with-kvm.py
Files containing id riscv-ubuntu-20.04-boot:
gem5/configs/example/gem5_library/riscv-ubuntu-run.py
gem5/configs/example/gem5_library/riscvmatched-fs.py
Files containing id arm64-ubuntu-20.04-boot:
gem5/configs/example/gem5_library/arm-ubuntu-run.py
Files containing id x86-print-this-15000-with-simpoints:
gem5/configs/example/gem5_library/checkpoints/simpoints-se-checkpoint.py
gem5/configs/example/gem5_library/checkpoints/simpoints-se-restore.py
Files containing id x86-print-this-15000-with-simpoints-and-checkpoint:
gem5/configs/example/gem5_library/checkpoints/simpoints-se-restore.py
Files containing id x86-print-this-1500-simpoints:
Files containing id vega-mmio:
Files containing id riscv-hello-example-checkpoint:
gem5/configs/example/gem5_library/checkpoints/riscv-hello-restore-checkpoint.py
Files containing id simpoints-se-checkpoints-v22-1:
Files containing id simpoints-se-checkpoints-v22-1-v2:
Files containing id x86-matrix-multiply-omp-100-8-looppoint-checkpoint-region-1:
Files containing id x86-matrix-multiply-omp-100-8-looppoint-checkpoint-region-2:
Files containing id x86-matrix-multiply-omp-100-8-looppoint-checkpoint-region-3:
Files containing id x86-matrix-multiply-omp-100-8-looppoint-checkpoint-region-5:
Files containing id x86-matrix-multiply-omp-100-8-looppoint-checkpoint-region-6:
Files containing id x86-matrix-multiply-omp-100-8-looppoint-checkpoint-region-7:
Files containing id x86-matrix-multiply-omp-100-8-looppoint-checkpoint-region-8:
Files containing id x86-matrix-multiply-omp-100-8-looppoint-checkpoint-region-9:
Files containing id x86-matrix-multiply-omp-100-8-looppoint-checkpoint-region-10:
Files containing id x86-matrix-multiply-omp-100-8-looppoint-checkpoint-region-11:
Files containing id x86-matrix-multiply-omp-100-8-looppoint-checkpoint-region-12:
Files containing id x86-matrix-multiply-omp-100-8-looppoint-checkpoint-region-13:
Files containing id x86-matrix-multiply-omp-100-8-looppoint-checkpoint-region-14:
Files containing id x86-matrix-multiply-omp-100-8-looppoint:
Files containing id riscv-hello-example-checkpoint-v22-1:
gem5/configs/example/gem5_library/checkpoints/riscv-hello-restore-checkpoint.py
Files containing id riscv-disk-img:
gem5/configs/example/gem5_library/riscv-fs.py
Files containing id riscv-lupio-busybox-img:
gem5/configs/example/lupv/run_lupv.py
Files containing id x86-m5-exit:
Files containing id x86-m5-exit-repeat:
Files containing id x86-matrix-multiply:
Files containing id x86-matrix-multiply-omp-100-8-global-pinpoints:
Files containing id x86-matrix-multiply-omp:
Files containing id x86-parsec:
gem5/configs/example/gem5_library/x86-parsec-benchmarks.py
Files containing id x86-gapbs:
gem5/configs/example/gem5_library/x86-gapbs-benchmarks.py
Files containing id x86-npb:
gem5/configs/example/gem5_library/x86-npb-benchmarks.py
Files containing id x86-gpu-fs-img:
Files containing id x86-ubuntu-18.04-img:
Files containing id riscv-ubuntu-20.04-img:
Files containing id arm64-ubuntu-18.04-img:
Files containing id arm64-ubuntu-20.04-img:
Files containing id riscv-boot-exit-nodisk:
gem5/configs/example/sst/riscv_fs.py
Files containing id arm64-bootloader:
Files containing id arm64-bootloader-emm:
Files containing id arm64-bootloader-foundation:
Files containing id arm64-bootloader-v2:
Files containing id x86-linux-kernel-5.4.0-105-generic:
Files containing id arm64-linux-kernel-4.14.134:
Files containing id arm64-linux-kernel-4.19.83:
Files containing id arm64-linux-kernel-4.4.186:
Files containing id arm64-linux-kernel-4.9.186:
Files containing id arm64-linux-kernel-5.10.110:
Files containing id arm64-linux-kernel-5.15.36:
Files containing id arm64-linux-kernel-5.4.49:
Files containing id x86-linux-kernel-4.14.134:
Files containing id x86-linux-kernel-4.19.83:
gem5/configs/example/gem5_library/x86-spec-cpu2017-benchmarks.py
gem5/configs/example/gem5_library/x86-npb-benchmarks.py
gem5/configs/example/gem5_library/x86-parsec-benchmarks.py
gem5/configs/example/gem5_library/x86-spec-cpu2006-benchmarks.py
gem5/configs/example/gem5_library/x86-gapbs-benchmarks.py
Files containing id x86-linux-kernel-4.4.186:
Files containing id x86-linux-kernel-4.9.186:
Files containing id x86-linux-kernel-5.2.3:
Files containing id x86-linux-kernel-5.4.49:
Files containing id riscv-bootloader-vmlinux-5.10:
gem5/configs/example/gem5_library/riscv-fs.py
Files containing id riscv-lupio-linux-kernel:
gem5/configs/example/lupv/run_lupv.py
Files containing id riscv-print-this:
Files containing id x86-print-this:
gem5/configs/example/gem5_library/checkpoints/simpoints-se-checkpoint.py
gem5/configs/example/gem5_library/checkpoints/simpoints-se-restore.py
Files containing id riscv-hello:
gem5/configs/example/gem5_library/checkpoints/riscv-hello-restore-checkpoint.py
gem5/configs/example/gem5_library/checkpoints/riscv-hello-save-checkpoint.py
gem5/configs/example/gem5_library/riscvmatched-hello.py
Files containing id arm-hello64-static:
gem5/configs/example/gem5_library/arm-hello.py
Files containing id arm-hello32-static:
Files containing id mips-hello:
Files containing id sparc-hello:
Files containing id power-hello:
Files containing id x86-hello64-static:
Files containing id x86-hello32-static:
Files containing id x86-hello64-dynamic:
Files containing id sparc-insttest:
Files containing id rv32mi-p-breakpoint:
Files containing id rv32mi-p-csr:
Files containing id rv32mi-p-illegal:
Files containing id rv32mi-p-ma_addr:
Files containing id rv32mi-p-ma_fetch:
Files containing id rv32mi-p-mcsr:
Files containing id rv32mi-p-sbreak:
Files containing id rv32mi-p-scall:
Files containing id rv32mi-p-shamt:
Files containing id rv32samt-ps-sysclone_w:
Files containing id rv32samt-ps-sysfutex1_w:
Files containing id rv32samt-ps-sysfutex2_w:
Files containing id rv32samt-ps-sysfutex3_w:
Files containing id rv32samt-ps-sysfutex_w:
Files containing id rv32si-p-csr:
Files containing id rv32si-p-dirty:
Files containing id rv32si-p-ma_fetch:
Files containing id rv32si-p-sbreak:
Files containing id rv32si-p-scall:
Files containing id rv32si-p-wfi:
Files containing id rv32uamt-ps-amoadd_w:
Files containing id rv32uamt-ps-amoand_w:
Files containing id rv32uamt-ps-amomaxu_w:
Files containing id rv32uamt-ps-amomax_w:
Files containing id rv32uamt-ps-amominu_w:
Files containing id rv32uamt-ps-amomin_w:
Files containing id rv32uamt-ps-amoor_w:
Files containing id rv32uamt-ps-amoswap_w:
Files containing id rv32uamt-ps-amoxor_w:
Files containing id rv32uamt-ps-lrsc_w:
Files containing id rv32ua-p-amoadd_w:
Files containing id rv32ua-p-amoand_w:
Files containing id rv32ua-p-amomaxu_w:
Files containing id rv32ua-p-amomax_w:
Files containing id rv32ua-p-amominu_w:
Files containing id rv32ua-p-amomin_w:
Files containing id rv32ua-p-amoor_w:
Files containing id rv32ua-p-amoswap_w:
Files containing id rv32ua-p-amoxor_w:
Files containing id rv32ua-p-lrsc:
Files containing id rv32ua-ps-amoadd_w:
Files containing id rv32ua-ps-amoand_w:
Files containing id rv32ua-ps-amomaxu_w:
Files containing id rv32ua-ps-amomax_w:
Files containing id rv32ua-ps-amominu_w:
Files containing id rv32ua-ps-amomin_w:
Files containing id rv32ua-ps-amoor_w:
Files containing id rv32ua-ps-amoswap_w:
Files containing id rv32ua-ps-amoxor_w:
Files containing id rv32ua-ps-lrsc:
Files containing id rv32ua-v-amoadd_w:
Files containing id rv32ua-v-amoand_w:
Files containing id rv32ua-v-amomaxu_w:
Files containing id rv32ua-v-amomax_w:
Files containing id rv32ua-v-amominu_w:
Files containing id rv32ua-v-amomin_w:
Files containing id rv32ua-v-amoor_w:
Files containing id rv32ua-v-amoswap_w:
Files containing id rv32ua-v-amoxor_w:
Files containing id rv32ua-v-lrsc:
Files containing id rv32ub-p-andn:
Files containing id rv32ub-p-bclr:
Files containing id rv32ub-p-bclri:
Files containing id rv32ub-p-bext:
Files containing id rv32ub-p-bexti:
Files containing id rv32ub-p-binv:
Files containing id rv32ub-p-binvi:
Files containing id rv32ub-p-bset:
Files containing id rv32ub-p-bseti:
Files containing id rv32ub-p-clmul:
Files containing id rv32ub-p-clmulh:
Files containing id rv32ub-p-clmulr:
Files containing id rv32ub-p-clz:
Files containing id rv32ub-p-cpop:
Files containing id rv32ub-p-ctz:
Files containing id rv32ub-p-max:
Files containing id rv32ub-p-maxu:
Files containing id rv32ub-p-min:
Files containing id rv32ub-p-minu:
Files containing id rv32ub-p-orc_b:
Files containing id rv32ub-p-orn:
Files containing id rv32ub-p-rev8:
Files containing id rv32ub-p-rol:
Files containing id rv32ub-p-ror:
Files containing id rv32ub-p-rori:
Files containing id rv32ub-ps-andn:
Files containing id rv32ub-ps-bclr:
Files containing id rv32ub-ps-bclri:
Files containing id rv32ub-ps-bext:
Files containing id rv32ub-ps-bexti:
Files containing id rv32ub-ps-binv:
Files containing id rv32ub-ps-binvi:
Files containing id rv32ub-ps-bset:
Files containing id rv32ub-ps-bseti:
Files containing id rv32ub-ps-clmul:
Files containing id rv32ub-ps-clmulh:
Files containing id rv32ub-ps-clmulr:
Files containing id rv32ub-ps-clz:
Files containing id rv32ub-ps-cpop:
Files containing id rv32ub-ps-ctz:
Files containing id rv32ub-p-sext_b:
Files containing id rv32ub-p-sext_h:
Files containing id rv32ub-p-sh1add:
Files containing id rv32ub-p-sh2add:
Files containing id rv32ub-p-sh3add:
Files containing id rv32ub-ps-max:
Files containing id rv32ub-ps-maxu:
Files containing id rv32ub-ps-min:
Files containing id rv32ub-ps-minu:
Files containing id rv32ub-ps-orc_b:
Files containing id rv32ub-ps-orn:
Files containing id rv32ub-ps-rev8:
Files containing id rv32ub-ps-rol:
Files containing id rv32ub-ps-ror:
Files containing id rv32ub-ps-rori:
Files containing id rv32ub-ps-sext_b:
Files containing id rv32ub-ps-sext_h:
Files containing id rv32ub-ps-sh1add:
Files containing id rv32ub-ps-sh2add:
Files containing id rv32ub-ps-sh3add:
Files containing id rv32ub-ps-xnor:
Files containing id rv32ub-ps-zext_h:
Files containing id rv32ub-p-xnor:
Files containing id rv32ub-p-zext_h:
Files containing id rv32ub-v-andn:
Files containing id rv32ub-v-bclr:
Files containing id rv32ub-v-bclri:
Files containing id rv32ub-v-bext:
Files containing id rv32ub-v-bexti:
Files containing id rv32ub-v-binv:
Files containing id rv32ub-v-binvi:
Files containing id rv32ub-v-bset:
Files containing id rv32ub-v-bseti:
Files containing id rv32ub-v-clmul:
Files containing id rv32ub-v-clmulh:
Files containing id rv32ub-v-clmulr:
Files containing id rv32ub-v-clz:
Files containing id rv32ub-v-cpop:
Files containing id rv32ub-v-ctz:
Files containing id rv32ub-v-max:
Files containing id rv32ub-v-maxu:
Files containing id rv32ub-v-min:
Files containing id rv32ub-v-minu:
Files containing id rv32ub-v-orc_b:
Files containing id rv32ub-v-orn:
Files containing id rv32ub-v-rev8:
Files containing id rv32ub-v-rol:
Files containing id rv32ub-v-ror:
Files containing id rv32ub-v-rori:
Files containing id rv32ub-v-sext_b:
Files containing id rv32ub-v-sext_h:
Files containing id rv32ub-v-sh1add:
Files containing id rv32ub-v-sh2add:
Files containing id rv32ub-v-sh3add:
Files containing id rv32ub-v-xnor:
Files containing id rv32ub-v-zext_h:
Files containing id rv32uc-p-rvc:
Files containing id rv32uc-ps-rvc:
Files containing id rv32uc-v-rvc:
Files containing id rv32ud-p-fadd:
Files containing id rv32ud-p-fclass:
Files containing id rv32ud-p-fcmp:
Files containing id rv32ud-p-fcvt:
Files containing id rv32ud-p-fcvt_w:
Files containing id rv32ud-p-fdiv:
Files containing id rv32ud-p-fmadd:
Files containing id rv32ud-p-fmin:
Files containing id rv32ud-p-ldst:
Files containing id rv32ud-p-recoding:
Files containing id rv32ud-ps-fadd:
Files containing id rv32ud-ps-fclass:
Files containing id rv32ud-ps-fcmp:
Files containing id rv32ud-ps-fcvt:
Files containing id rv32ud-ps-fcvt_w:
Files containing id rv32ud-ps-fdiv:
Files containing id rv32ud-ps-fmadd:
Files containing id rv32ud-ps-fmin:
Files containing id rv32ud-ps-ldst:
Files containing id rv32ud-ps-recoding:
Files containing id rv32ud-v-fadd:
Files containing id rv32ud-v-fclass:
Files containing id rv32ud-v-fcmp:
Files containing id rv32ud-v-fcvt:
Files containing id rv32ud-v-fcvt_w:
Files containing id rv32ud-v-fdiv:
Files containing id rv32ud-v-fmadd:
Files containing id rv32ud-v-fmin:
Files containing id rv32ud-v-ldst:
Files containing id rv32ud-v-recoding:
Files containing id rv32uf-p-fadd:
Files containing id rv32uf-p-fclass:
Files containing id rv32uf-p-fcmp:
Files containing id rv32uf-p-fcvt:
Files containing id rv32uf-p-fcvt_w:
Files containing id rv32uf-p-fdiv:
Files containing id rv32uf-p-fmadd:
Files containing id rv32uf-p-fmin:
Files containing id rv32uf-p-ldst:
Files containing id rv32uf-p-move:
Files containing id rv32uf-p-recoding:
Files containing id rv32uf-ps-fadd:
Files containing id rv32uf-ps-fclass:
Files containing id rv32uf-ps-fcmp:
Files containing id rv32uf-ps-fcvt:
Files containing id rv32uf-ps-fcvt_w:
Files containing id rv32uf-ps-fdiv:
Files containing id rv32uf-ps-fmadd:
Files containing id rv32uf-ps-fmin:
Files containing id rv32uf-ps-ldst:
Files containing id rv32uf-ps-move:
Files containing id rv32uf-ps-recoding:
Files containing id rv32uf-v-fadd:
Files containing id rv32uf-v-fclass:
Files containing id rv32uf-v-fcmp:
Files containing id rv32uf-v-fcvt:
Files containing id rv32uf-v-fcvt_w:
Files containing id rv32uf-v-fdiv:
Files containing id rv32uf-v-fmadd:
Files containing id rv32uf-v-fmin:
Files containing id rv32uf-v-ldst:
Files containing id rv32uf-v-move:
Files containing id rv32uf-v-recoding:
Files containing id rv32ui-p-add:
Files containing id rv32ui-p-addi:
Files containing id rv32ui-p-and:
Files containing id rv32ui-p-andi:
Files containing id rv32ui-p-auipc:
Files containing id rv32ui-p-beq:
Files containing id rv32ui-p-bge:
Files containing id rv32ui-p-bgeu:
Files containing id rv32ui-p-blt:
Files containing id rv32ui-p-bltu:
Files containing id rv32ui-p-bne:
Files containing id rv32ui-p-fence_i:
Files containing id rv32ui-p-jal:
Files containing id rv32ui-p-jalr:
Files containing id rv32ui-p-lb:
Files containing id rv32ui-p-lbu:
Files containing id rv32ui-p-lh:
Files containing id rv32ui-p-lhu:
Files containing id rv32ui-p-lui:
Files containing id rv32ui-p-lw:
Files containing id rv32ui-p-or:
Files containing id rv32ui-p-ori:
Files containing id rv32ui-ps-add:
Files containing id rv32ui-ps-addi:
Files containing id rv32ui-ps-and:
Files containing id rv32ui-ps-andi:
Files containing id rv32ui-ps-auipc:
Files containing id rv32ui-p-sb:
Files containing id rv32ui-ps-beq:
Files containing id rv32ui-ps-bge:
Files containing id rv32ui-ps-bgeu:
Files containing id rv32ui-ps-blt:
Files containing id rv32ui-ps-bltu:
Files containing id rv32ui-ps-bne:
Files containing id rv32ui-ps-fence_i:
Files containing id rv32ui-p-sh:
Files containing id rv32ui-p-simple:
Files containing id rv32ui-ps-jal:
Files containing id rv32ui-ps-jalr:
Files containing id rv32ui-ps-lb:
Files containing id rv32ui-ps-lbu:
Files containing id rv32ui-ps-lh:
Files containing id rv32ui-ps-lhu:
Files containing id rv32ui-p-sll:
Files containing id rv32ui-p-slli:
Files containing id rv32ui-p-slt:
Files containing id rv32ui-p-slti:
Files containing id rv32ui-p-sltiu:
Files containing id rv32ui-p-sltu:
Files containing id rv32ui-ps-lui:
Files containing id rv32ui-ps-lw:
Files containing id rv32ui-ps-or:
Files containing id rv32ui-ps-ori:
Files containing id rv32ui-p-sra:
Files containing id rv32ui-p-srai:
Files containing id rv32ui-p-srl:
Files containing id rv32ui-p-srli:
Files containing id rv32ui-ps-sb:
Files containing id rv32ui-ps-sh:
Files containing id rv32ui-ps-simple:
Files containing id rv32ui-ps-sll:
Files containing id rv32ui-ps-slli:
Files containing id rv32ui-ps-slt:
Files containing id rv32ui-ps-slti:
Files containing id rv32ui-ps-sltiu:
Files containing id rv32ui-ps-sltu:
Files containing id rv32ui-ps-sra:
Files containing id rv32ui-ps-srai:
Files containing id rv32ui-ps-srl:
Files containing id rv32ui-ps-srli:
Files containing id rv32ui-ps-sub:
Files containing id rv32ui-ps-sw:
Files containing id rv32ui-p-sub:
Files containing id rv32ui-p-sw:
Files containing id rv32ui-ps-xor:
Files containing id rv32ui-ps-xori:
Files containing id rv32ui-p-xor:
Files containing id rv32ui-p-xori:
Files containing id rv32ui-v-add:
Files containing id rv32ui-v-addi:
Files containing id rv32ui-v-and:
Files containing id rv32ui-v-andi:
Files containing id rv32ui-v-auipc:
Files containing id rv32ui-v-beq:
Files containing id rv32ui-v-bge:
Files containing id rv32ui-v-bgeu:
Files containing id rv32ui-v-blt:
Files containing id rv32ui-v-bltu:
Files containing id rv32ui-v-bne:
Files containing id rv32ui-v-fence_i:
Files containing id rv32ui-v-jal:
Files containing id rv32ui-v-jalr:
Files containing id rv32ui-v-lb:
Files containing id rv32ui-v-lbu:
Files containing id rv32ui-v-lh:
Files containing id rv32ui-v-lhu:
Files containing id rv32ui-v-lui:
Files containing id rv32ui-v-lw:
Files containing id rv32ui-v-or:
Files containing id rv32ui-v-ori:
Files containing id rv32ui-v-sb:
Files containing id rv32ui-v-sh:
Files containing id rv32ui-v-simple:
Files containing id rv32ui-v-sll:
Files containing id rv32ui-v-slli:
Files containing id rv32ui-v-slt:
Files containing id rv32ui-v-slti:
Files containing id rv32ui-v-sltiu:
Files containing id rv32ui-v-sltu:
Files containing id rv32ui-v-sra:
Files containing id rv32ui-v-srai:
Files containing id rv32ui-v-srl:
Files containing id rv32ui-v-srli:
Files containing id rv32ui-v-sub:
Files containing id rv32ui-v-sw:
Files containing id rv32ui-v-xor:
Files containing id rv32ui-v-xori:
Files containing id rv32um-p-div:
Files containing id rv32um-p-divu:
Files containing id rv32um-p-mul:
Files containing id rv32um-p-mulh:
Files containing id rv32um-p-mulhsu:
Files containing id rv32um-p-mulhu:
Files containing id rv32um-p-rem:
Files containing id rv32um-p-remu:
Files containing id rv32um-ps-div:
Files containing id rv32um-ps-divu:
Files containing id rv32um-ps-mul:
Files containing id rv32um-ps-mulh:
Files containing id rv32um-ps-mulhsu:
Files containing id rv32um-ps-mulhu:
Files containing id rv32um-ps-rem:
Files containing id rv32um-ps-remu:
Files containing id rv32um-v-div:
Files containing id rv32um-v-divu:
Files containing id rv32um-v-mul:
Files containing id rv32um-v-mulh:
Files containing id rv32um-v-mulhsu:
Files containing id rv32um-v-mulhu:
Files containing id rv32um-v-rem:
Files containing id rv32um-v-remu:
Files containing id rv32uzfh-p-fadd:
Files containing id rv32uzfh-p-fclass:
Files containing id rv32uzfh-p-fcmp:
Files containing id rv32uzfh-p-fcvt:
Files containing id rv32uzfh-p-fcvt_w:
Files containing id rv32uzfh-p-fdiv:
Files containing id rv32uzfh-p-fmadd:
Files containing id rv32uzfh-p-fmin:
Files containing id rv32uzfh-p-ldst:
Files containing id rv32uzfh-p-move:
Files containing id rv32uzfh-p-recoding:
Files containing id rv32uzfh-ps-fadd:
Files containing id rv32uzfh-ps-fclass:
Files containing id rv32uzfh-ps-fcmp:
Files containing id rv32uzfh-ps-fcvt:
Files containing id rv32uzfh-ps-fcvt_w:
Files containing id rv32uzfh-ps-fdiv:
Files containing id rv32uzfh-ps-fmadd:
Files containing id rv32uzfh-ps-fmin:
Files containing id rv32uzfh-ps-ldst:
Files containing id rv32uzfh-ps-move:
Files containing id rv32uzfh-ps-recoding:
Files containing id rv32uzfh-v-fadd:
Files containing id rv32uzfh-v-fclass:
Files containing id rv32uzfh-v-fcmp:
Files containing id rv32uzfh-v-fcvt:
Files containing id rv32uzfh-v-fcvt_w:
Files containing id rv32uzfh-v-fdiv:
Files containing id rv32uzfh-v-fmadd:
Files containing id rv32uzfh-v-fmin:
Files containing id rv32uzfh-v-ldst:
Files containing id rv32uzfh-v-move:
Files containing id rv32uzfh-v-recoding:
Files containing id rv64mi-p-access:
Files containing id rv64mi-p-breakpoint:
Files containing id rv64mi-p-csr:
Files containing id rv64mi-p-illegal:
Files containing id rv64mi-p-ma_addr:
Files containing id rv64mi-p-ma_fetch:
Files containing id rv64mi-p-mcsr:
Files containing id rv64mi-p-sbreak:
Files containing id rv64mi-p-scall:
Files containing id rv64samt-ps-sysclone_d:
Files containing id rv64samt-ps-sysfutex1_d:
Files containing id rv64samt-ps-sysfutex2_d:
Files containing id rv64samt-ps-sysfutex3_d:
Files containing id rv64samt-ps-sysfutex_d:
Files containing id rv64si-p-csr:
Files containing id rv64si-p-dirty:
Files containing id rv64si-p-icache-alias:
Files containing id rv64si-p-ma_fetch:
Files containing id rv64si-p-sbreak:
Files containing id rv64si-p-scall:
Files containing id rv64si-p-wfi:
Files containing id rv64uamt-ps-amoadd_d:
Files containing id rv64uamt-ps-amoand_d:
Files containing id rv64uamt-ps-amomax_d:
Files containing id rv64uamt-ps-amomaxu_d:
Files containing id rv64uamt-ps-amomin_d:
Files containing id rv64uamt-ps-amominu_d:
Files containing id rv64uamt-ps-amoor_d:
Files containing id rv64uamt-ps-amoswap_d:
Files containing id rv64uamt-ps-amoxor_d:
Files containing id rv64uamt-ps-lrsc_d:
Files containing id rv64ua-p-amoadd_d:
Files containing id rv64ua-p-amoadd_w:
Files containing id rv64ua-p-amoand_d:
Files containing id rv64ua-p-amoand_w:
Files containing id rv64ua-p-amomax_d:
Files containing id rv64ua-p-amomaxu_d:
Files containing id rv64ua-p-amomaxu_w:
Files containing id rv64ua-p-amomax_w:
Files containing id rv64ua-p-amomin_d:
Files containing id rv64ua-p-amominu_d:
Files containing id rv64ua-p-amominu_w:
Files containing id rv64ua-p-amomin_w:
Files containing id rv64ua-p-amoor_d:
Files containing id rv64ua-p-amoor_w:
Files containing id rv64ua-p-amoswap_d:
Files containing id rv64ua-p-amoswap_w:
Files containing id rv64ua-p-amoxor_d:
Files containing id rv64ua-p-amoxor_w:
Files containing id rv64ua-p-lrsc:
Files containing id rv64ua-ps-amoadd_d:
Files containing id rv64ua-ps-amoadd_w:
Files containing id rv64ua-ps-amoand_d:
Files containing id rv64ua-ps-amoand_w:
Files containing id rv64ua-ps-amomax_d:
Files containing id rv64ua-ps-amomaxu_d:
Files containing id rv64ua-ps-amomaxu_w:
Files containing id rv64ua-ps-amomax_w:
Files containing id rv64ua-ps-amomin_d:
Files containing id rv64ua-ps-amominu_d:
Files containing id rv64ua-ps-amominu_w:
Files containing id rv64ua-ps-amomin_w:
Files containing id rv64ua-ps-amoor_d:
Files containing id rv64ua-ps-amoor_w:
Files containing id rv64ua-ps-amoswap_d:
Files containing id rv64ua-ps-amoswap_w:
Files containing id rv64ua-ps-amoxor_d:
Files containing id rv64ua-ps-amoxor_w:
Files containing id rv64ua-ps-lrsc:
Files containing id rv64ua-v-amoadd_d:
Files containing id rv64ua-v-amoadd_w:
Files containing id rv64ua-v-amoand_d:
Files containing id rv64ua-v-amoand_w:
Files containing id rv64ua-v-amomax_d:
Files containing id rv64ua-v-amomaxu_d:
Files containing id rv64ua-v-amomaxu_w:
Files containing id rv64ua-v-amomax_w:
Files containing id rv64ua-v-amomin_d:
Files containing id rv64ua-v-amominu_d:
Files containing id rv64ua-v-amominu_w:
Files containing id rv64ua-v-amomin_w:
Files containing id rv64ua-v-amoor_d:
Files containing id rv64ua-v-amoor_w:
Files containing id rv64ua-v-amoswap_d:
Files containing id rv64ua-v-amoswap_w:
Files containing id rv64ua-v-amoxor_d:
Files containing id rv64ua-v-amoxor_w:
Files containing id rv64ua-v-lrsc:
Files containing id rv64ub-p-add_uw:
Files containing id rv64ub-p-andn:
Files containing id rv64ub-p-bclr:
Files containing id rv64ub-p-bclri:
Files containing id rv64ub-p-bext:
Files containing id rv64ub-p-bexti:
Files containing id rv64ub-p-binv:
Files containing id rv64ub-p-binvi:
Files containing id rv64ub-p-bset:
Files containing id rv64ub-p-bseti:
Files containing id rv64ub-p-clmul:
Files containing id rv64ub-p-clmulh:
Files containing id rv64ub-p-clmulr:
Files containing id rv64ub-p-clz:
Files containing id rv64ub-p-clzw:
Files containing id rv64ub-p-cpop:
Files containing id rv64ub-p-cpopw:
Files containing id rv64ub-p-ctz:
Files containing id rv64ub-p-ctzw:
Files containing id rv64ub-p-max:
Files containing id rv64ub-p-maxu:
Files containing id rv64ub-p-min:
Files containing id rv64ub-p-minu:
Files containing id rv64ub-p-orc_b:
Files containing id rv64ub-p-orn:
Files containing id rv64ub-p-rev8:
Files containing id rv64ub-p-rol:
Files containing id rv64ub-p-rolw:
Files containing id rv64ub-p-ror:
Files containing id rv64ub-p-rori:
Files containing id rv64ub-p-roriw:
Files containing id rv64ub-p-rorw:
Files containing id rv64ub-ps-add_uw:
Files containing id rv64ub-ps-andn:
Files containing id rv64ub-ps-bclr:
Files containing id rv64ub-ps-bclri:
Files containing id rv64ub-ps-bext:
Files containing id rv64ub-ps-bexti:
Files containing id rv64ub-ps-binv:
Files containing id rv64ub-ps-binvi:
Files containing id rv64ub-ps-bset:
Files containing id rv64ub-ps-bseti:
Files containing id rv64ub-ps-clmul:
Files containing id rv64ub-ps-clmulh:
Files containing id rv64ub-ps-clmulr:
Files containing id rv64ub-ps-clz:
Files containing id rv64ub-ps-clzw:
Files containing id rv64ub-ps-cpop:
Files containing id rv64ub-ps-cpopw:
Files containing id rv64ub-ps-ctz:
Files containing id rv64ub-ps-ctzw:
Files containing id rv64ub-p-sext_b:
Files containing id rv64ub-p-sext_h:
Files containing id rv64ub-p-sh1add:
Files containing id rv64ub-p-sh1add_uw:
Files containing id rv64ub-p-sh2add:
Files containing id rv64ub-p-sh2add_uw:
Files containing id rv64ub-p-sh3add:
Files containing id rv64ub-p-sh3add_uw:
Files containing id rv64ub-p-slli_uw:
Files containing id rv64ub-ps-max:
Files containing id rv64ub-ps-maxu:
Files containing id rv64ub-ps-min:
Files containing id rv64ub-ps-minu:
Files containing id rv64ub-ps-orc_b:
Files containing id rv64ub-ps-orn:
Files containing id rv64ub-ps-rev8:
Files containing id rv64ub-ps-rol:
Files containing id rv64ub-ps-rolw:
Files containing id rv64ub-ps-ror:
Files containing id rv64ub-ps-rori:
Files containing id rv64ub-ps-roriw:
Files containing id rv64ub-ps-rorw:
Files containing id rv64ub-ps-sext_b:
Files containing id rv64ub-ps-sext_h:
Files containing id rv64ub-ps-sh1add:
Files containing id rv64ub-ps-sh1add_uw:
Files containing id rv64ub-ps-sh2add:
Files containing id rv64ub-ps-sh2add_uw:
Files containing id rv64ub-ps-sh3add:
Files containing id rv64ub-ps-sh3add_uw:
Files containing id rv64ub-ps-slli_uw:
Files containing id rv64ub-ps-xnor:
Files containing id rv64ub-ps-zext_h:
Files containing id rv64ub-p-xnor:
Files containing id rv64ub-p-zext_h:
Files containing id rv64ub-v-add_uw:
Files containing id rv64ub-v-andn:
Files containing id rv64ub-v-bclr:
Files containing id rv64ub-v-bclri:
Files containing id rv64ub-v-bext:
Files containing id rv64ub-v-bexti:
Files containing id rv64ub-v-binv:
Files containing id rv64ub-v-binvi:
Files containing id rv64ub-v-bset:
Files containing id rv64ub-v-bseti:
Files containing id rv64ub-v-clmul:
Files containing id rv64ub-v-clmulh:
Files containing id rv64ub-v-clmulr:
Files containing id rv64ub-v-clz:
Files containing id rv64ub-v-clzw:
Files containing id rv64ub-v-cpop:
Files containing id rv64ub-v-cpopw:
Files containing id rv64ub-v-ctz:
Files containing id rv64ub-v-ctzw:
Files containing id rv64ub-v-max:
Files containing id rv64ub-v-maxu:
Files containing id rv64ub-v-min:
Files containing id rv64ub-v-minu:
Files containing id rv64ub-v-orc_b:
Files containing id rv64ub-v-orn:
Files containing id rv64ub-v-rev8:
Files containing id rv64ub-v-rol:
Files containing id rv64ub-v-rolw:
Files containing id rv64ub-v-ror:
Files containing id rv64ub-v-rori:
Files containing id rv64ub-v-roriw:
Files containing id rv64ub-v-rorw:
Files containing id rv64ub-v-sext_b:
Files containing id rv64ub-v-sext_h:
Files containing id rv64ub-v-sh1add:
Files containing id rv64ub-v-sh1add_uw:
Files containing id rv64ub-v-sh2add:
Files containing id rv64ub-v-sh2add_uw:
Files containing id rv64ub-v-sh3add:
Files containing id rv64ub-v-sh3add_uw:
Files containing id rv64ub-v-slli_uw:
Files containing id rv64ub-v-xnor:
Files containing id rv64ub-v-zext_h:
Files containing id rv64uc-p-rvc:
Files containing id rv64uc-ps-rvc:
Files containing id rv64uc-v-rvc:
Files containing id rv64ud-p-fadd:
Files containing id rv64ud-p-fclass:
Files containing id rv64ud-p-fcmp:
Files containing id rv64ud-p-fcvt:
Files containing id rv64ud-p-fcvt_w:
Files containing id rv64ud-p-fdiv:
Files containing id rv64ud-p-fmadd:
Files containing id rv64ud-p-fmin:
Files containing id rv64ud-p-ldst:
Files containing id rv64ud-p-move:
Files containing id rv64ud-p-recoding:
Files containing id rv64ud-ps-fadd:
Files containing id rv64ud-ps-fclass:
Files containing id rv64ud-ps-fcmp:
Files containing id rv64ud-ps-fcvt:
Files containing id rv64ud-ps-fcvt_w:
Files containing id rv64ud-ps-fdiv:
Files containing id rv64ud-ps-fmadd:
Files containing id rv64ud-ps-fmin:
Files containing id rv64ud-ps-ldst:
Files containing id rv64ud-ps-move:
Files containing id rv64ud-ps-recoding:
Files containing id rv64ud-ps-structural:
Files containing id rv64ud-p-structural:
Files containing id rv64ud-v-fadd:
Files containing id rv64ud-v-fclass:
Files containing id rv64ud-v-fcmp:
Files containing id rv64ud-v-fcvt:
Files containing id rv64ud-v-fcvt_w:
Files containing id rv64ud-v-fdiv:
Files containing id rv64ud-v-fmadd:
Files containing id rv64ud-v-fmin:
Files containing id rv64ud-v-ldst:
Files containing id rv64ud-v-move:
Files containing id rv64ud-v-recoding:
Files containing id rv64ud-v-structural:
Files containing id rv64uf-p-fadd:
Files containing id rv64uf-p-fclass:
Files containing id rv64uf-p-fcmp:
Files containing id rv64uf-p-fcvt:
Files containing id rv64uf-p-fcvt_w:
Files containing id rv64uf-p-fdiv:
Files containing id rv64uf-p-fmadd:
Files containing id rv64uf-p-fmin:
Files containing id rv64uf-p-ldst:
Files containing id rv64uf-p-move:
Files containing id rv64uf-p-recoding:
Files containing id rv64uf-ps-fadd:
Files containing id rv64uf-ps-fclass:
Files containing id rv64uf-ps-fcmp:
Files containing id rv64uf-ps-fcvt:
Files containing id rv64uf-ps-fcvt_w:
Files containing id rv64uf-ps-fdiv:
Files containing id rv64uf-ps-fmadd:
Files containing id rv64uf-ps-fmin:
Files containing id rv64uf-ps-ldst:
Files containing id rv64uf-ps-move:
Files containing id rv64uf-ps-recoding:
Files containing id rv64uf-v-fadd:
Files containing id rv64uf-v-fclass:
Files containing id rv64uf-v-fcmp:
Files containing id rv64uf-v-fcvt:
Files containing id rv64uf-v-fcvt_w:
Files containing id rv64uf-v-fdiv:
Files containing id rv64uf-v-fmadd:
Files containing id rv64uf-v-fmin:
Files containing id rv64uf-v-ldst:
Files containing id rv64uf-v-move:
Files containing id rv64uf-v-recoding:
Files containing id rv64ui-p-add:
Files containing id rv64ui-p-addi:
Files containing id rv64ui-p-addiw:
Files containing id rv64ui-p-addw:
Files containing id rv64ui-p-and:
Files containing id rv64ui-p-andi:
Files containing id rv64ui-p-auipc:
Files containing id rv64ui-p-beq:
Files containing id rv64ui-p-bge:
Files containing id rv64ui-p-bgeu:
Files containing id rv64ui-p-blt:
Files containing id rv64ui-p-bltu:
Files containing id rv64ui-p-bne:
Files containing id rv64ui-p-fence_i:
Files containing id rv64ui-p-jal:
Files containing id rv64ui-p-jalr:
Files containing id rv64ui-p-lb:
Files containing id rv64ui-p-lbu:
Files containing id rv64ui-p-ld:
Files containing id rv64ui-p-lh:
Files containing id rv64ui-p-lhu:
Files containing id rv64ui-p-lui:
Files containing id rv64ui-p-lw:
Files containing id rv64ui-p-lwu:
Files containing id rv64ui-p-or:
Files containing id rv64ui-p-ori:
Files containing id rv64ui-ps-add:
Files containing id rv64ui-ps-addi:
Files containing id rv64ui-ps-addiw:
Files containing id rv64ui-ps-addw:
Files containing id rv64ui-ps-and:
Files containing id rv64ui-ps-andi:
Files containing id rv64ui-ps-auipc:
Files containing id rv64ui-p-sb:
Files containing id rv64ui-ps-beq:
Files containing id rv64ui-ps-bge:
Files containing id rv64ui-ps-bgeu:
Files containing id rv64ui-ps-blt:
Files containing id rv64ui-ps-bltu:
Files containing id rv64ui-ps-bne:
Files containing id rv64ui-p-sd:
Files containing id rv64ui-ps-fence_i:
Files containing id rv64ui-p-sh:
Files containing id rv64ui-p-simple:
Files containing id rv64ui-ps-jal:
Files containing id rv64ui-ps-jalr:
Files containing id rv64ui-ps-lb:
Files containing id rv64ui-ps-lbu:
Files containing id rv64ui-ps-ld:
Files containing id rv64ui-ps-lh:
Files containing id rv64ui-ps-lhu:
Files containing id rv64ui-p-sll:
Files containing id rv64ui-p-slli:
Files containing id rv64ui-p-slliw:
Files containing id rv64ui-p-sllw:
Files containing id rv64ui-p-slt:
Files containing id rv64ui-p-slti:
Files containing id rv64ui-p-sltiu:
Files containing id rv64ui-p-sltu:
Files containing id rv64ui-ps-lui:
Files containing id rv64ui-ps-lw:
Files containing id rv64ui-ps-lwu:
Files containing id rv64ui-ps-or:
Files containing id rv64ui-ps-ori:
Files containing id rv64ui-p-sra:
Files containing id rv64ui-p-srai:
Files containing id rv64ui-p-sraiw:
Files containing id rv64ui-p-sraw:
Files containing id rv64ui-p-srl:
Files containing id rv64ui-p-srli:
Files containing id rv64ui-p-srliw:
Files containing id rv64ui-p-srlw:
Files containing id rv64ui-ps-sb:
Files containing id rv64ui-ps-sd:
Files containing id rv64ui-ps-sh:
Files containing id rv64ui-ps-simple:
Files containing id rv64ui-ps-sll:
Files containing id rv64ui-ps-slli:
Files containing id rv64ui-ps-slliw:
Files containing id rv64ui-ps-sllw:
Files containing id rv64ui-ps-slt:
Files containing id rv64ui-ps-slti:
Files containing id rv64ui-ps-sltiu:
Files containing id rv64ui-ps-sltu:
Files containing id rv64ui-ps-sra:
Files containing id rv64ui-ps-srai:
Files containing id rv64ui-ps-sraiw:
Files containing id rv64ui-ps-sraw:
Files containing id rv64ui-ps-srl:
Files containing id rv64ui-ps-srli:
Files containing id rv64ui-ps-srliw:
Files containing id rv64ui-ps-srlw:
Files containing id rv64ui-ps-sub:
Files containing id rv64ui-ps-subw:
Files containing id rv64ui-ps-sw:
Files containing id rv64ui-p-sub:
Files containing id rv64ui-p-subw:
Files containing id rv64ui-p-sw:
Files containing id rv64ui-ps-xor:
Files containing id rv64ui-ps-xori:
Files containing id rv64ui-p-xor:
Files containing id rv64ui-p-xori:
Files containing id rv64ui-v-add:
Files containing id rv64ui-v-addi:
Files containing id rv64ui-v-addiw:
Files containing id rv64ui-v-addw:
Files containing id rv64ui-v-and:
Files containing id rv64ui-v-andi:
Files containing id rv64ui-v-auipc:
Files containing id rv64ui-v-beq:
Files containing id rv64ui-v-bge:
Files containing id rv64ui-v-bgeu:
Files containing id rv64ui-v-blt:
Files containing id rv64ui-v-bltu:
Files containing id rv64ui-v-bne:
Files containing id rv64ui-v-fence_i:
Files containing id rv64ui-v-jal:
Files containing id rv64ui-v-jalr:
Files containing id rv64ui-v-lb:
Files containing id rv64ui-v-lbu:
Files containing id rv64ui-v-ld:
Files containing id rv64ui-v-lh:
Files containing id rv64ui-v-lhu:
Files containing id rv64ui-v-lui:
Files containing id rv64ui-v-lw:
Files containing id rv64ui-v-lwu:
Files containing id rv64ui-v-or:
Files containing id rv64ui-v-ori:
Files containing id rv64ui-v-sb:
Files containing id rv64ui-v-sd:
Files containing id rv64ui-v-sh:
Files containing id rv64ui-v-simple:
Files containing id rv64ui-v-sll:
Files containing id rv64ui-v-slli:
Files containing id rv64ui-v-slliw:
Files containing id rv64ui-v-sllw:
Files containing id rv64ui-v-slt:
Files containing id rv64ui-v-slti:
Files containing id rv64ui-v-sltiu:
Files containing id rv64ui-v-sltu:
Files containing id rv64ui-v-sra:
Files containing id rv64ui-v-srai:
Files containing id rv64ui-v-sraiw:
Files containing id rv64ui-v-sraw:
Files containing id rv64ui-v-srl:
Files containing id rv64ui-v-srli:
Files containing id rv64ui-v-srliw:
Files containing id rv64ui-v-srlw:
Files containing id rv64ui-v-sub:
Files containing id rv64ui-v-subw:
Files containing id rv64ui-v-sw:
Files containing id rv64ui-v-xor:
Files containing id rv64ui-v-xori:
Files containing id rv64um-p-div:
Files containing id rv64um-p-divu:
Files containing id rv64um-p-divuw:
Files containing id rv64um-p-divw:
Files containing id rv64um-p-mul:
Files containing id rv64um-p-mulh:
Files containing id rv64um-p-mulhsu:
Files containing id rv64um-p-mulhu:
Files containing id rv64um-p-mulw:
Files containing id rv64um-p-rem:
Files containing id rv64um-p-remu:
Files containing id rv64um-p-remuw:
Files containing id rv64um-p-remw:
Files containing id rv64um-ps-div:
Files containing id rv64um-ps-divu:
Files containing id rv64um-ps-divuw:
Files containing id rv64um-ps-divw:
Files containing id rv64um-ps-mul:
Files containing id rv64um-ps-mulh:
Files containing id rv64um-ps-mulhsu:
Files containing id rv64um-ps-mulhu:
Files containing id rv64um-ps-mulw:
Files containing id rv64um-ps-rem:
Files containing id rv64um-ps-remu:
Files containing id rv64um-ps-remuw:
Files containing id rv64um-ps-remw:
Files containing id rv64um-v-div:
Files containing id rv64um-v-divu:
Files containing id rv64um-v-divuw:
Files containing id rv64um-v-divw:
Files containing id rv64um-v-mul:
Files containing id rv64um-v-mulh:
Files containing id rv64um-v-mulhsu:
Files containing id rv64um-v-mulhu:
Files containing id rv64um-v-mulw:
Files containing id rv64um-v-rem:
Files containing id rv64um-v-remu:
Files containing id rv64um-v-remuw:
Files containing id rv64um-v-remw:
Files containing id rv64uzfh-ps-fadd:
Files containing id rv64uzfh-ps-fclass:
Files containing id rv64uzfh-ps-fcmp:
Files containing id rv64uzfh-ps-fcvt:
Files containing id rv64uzfh-ps-fcvt_w:
Files containing id rv64uzfh-ps-fdiv:
Files containing id rv64uzfh-ps-fmadd:
Files containing id rv64uzfh-ps-fmin:
Files containing id rv64uzfh-ps-ldst:
Files containing id rv64uzfh-ps-move:
Files containing id rv64uzfh-ps-recoding:
